Determining if the pthread_create exist failed with the following output:
Change Dir: /home/ycz/ICRA_HERO_ws/build/CMakeFiles/CMakeTmp

Run Build Command:"/usr/bin/make" "cmTC_53536/fast"
/usr/bin/make -f CMakeFiles/cmTC_53536.dir/build.make CMakeFiles/cmTC_53536.dir/build
make[1]: Entering directory '/home/ycz/ICRA_HERO_ws/build/CMakeFiles/CMakeTmp'
Building C object CMakeFiles/cmTC_53536.dir/CheckSymbolExists.c.o
/usr/bin/cc     -o CMakeFiles/cmTC_53536.dir/CheckSymbolExists.c.o   -c /home/ycz/ICRA_HERO_ws/build/CMakeFiles/CMakeTmp/CheckSymbolExists.c
Linking C executable cmTC_53536
/usr/bin/cmake -E cmake_link_script CMakeFiles/cmTC_53536.dir/link.txt --verbose=1
/usr/bin/cc       CMakeFiles/cmTC_53536.dir/CheckSymbolExists.c.o  -o cmTC_53536 -rdynamic 
CMakeFiles/cmTC_53536.dir/CheckSymbolExists.c.o：在函数‘main’中：
CheckSymbolExists.c:(.text+0x16)：对‘pthread_create’未定义的引用
collect2: error: ld returned 1 exit status
CMakeFiles/cmTC_53536.dir/build.make:97: recipe for target 'cmTC_53536' failed
make[1]: *** [cmTC_53536] Error 1
make[1]: Leaving directory '/home/ycz/ICRA_HERO_ws/build/CMakeFiles/CMakeTmp'
Makefile:126: recipe for target 'cmTC_53536/fast' failed
make: *** [cmTC_53536/fast] Error 2

File /home/ycz/ICRA_HERO_ws/build/CMakeFiles/CMakeTmp/CheckSymbolExists.c:
/* */
#include <pthread.h>

int main(int argc, char** argv)
{
  (void)argv;
#ifndef pthread_create
  return ((int*)(&pthread_create))[argc];
#else
  (void)argc;
  return 0;
#endif
}

Determining if the function pthread_create exists in the pthreads failed with the following output:
Change Dir: /home/ycz/ICRA_HERO_ws/build/CMakeFiles/CMakeTmp

Run Build Command:"/usr/bin/make" "cmTC_4c4bf/fast"
/usr/bin/make -f CMakeFiles/cmTC_4c4bf.dir/build.make CMakeFiles/cmTC_4c4bf.dir/build
make[1]: Entering directory '/home/ycz/ICRA_HERO_ws/build/CMakeFiles/CMakeTmp'
Building C object CMakeFiles/cmTC_4c4bf.dir/CheckFunctionExists.c.o
/usr/bin/cc    -DCHECK_FUNCTION_EXISTS=pthread_create   -o CMakeFiles/cmTC_4c4bf.dir/CheckFunctionExists.c.o   -c /usr/share/cmake-3.5/Modules/CheckFunctionExists.c
Linking C executable cmTC_4c4bf
/usr/bin/cmake -E cmake_link_script CMakeFiles/cmTC_4c4bf.dir/link.txt --verbose=1
/usr/bin/cc   -DCHECK_FUNCTION_EXISTS=pthread_create    CMakeFiles/cmTC_4c4bf.dir/CheckFunctionExists.c.o  -o cmTC_4c4bf -rdynamic -lpthreads 
/usr/bin/ld: 找不到 -lpthreads
collect2: error: ld returned 1 exit status
CMakeFiles/cmTC_4c4bf.dir/build.make:97: recipe for target 'cmTC_4c4bf' failed
make[1]: *** [cmTC_4c4bf] Error 1
make[1]: Leaving directory '/home/ycz/ICRA_HERO_ws/build/CMakeFiles/CMakeTmp'
Makefile:126: recipe for target 'cmTC_4c4bf/fast' failed
make: *** [cmTC_4c4bf/fast] Error 2


Determining if the Q_WS_WIN exist failed with the following output:
Change Dir: /home/ycz/ICRA_HERO_ws/build/CMakeFiles/CMakeTmp

Run Build Command:"/usr/bin/make" "cmTC_1fe45/fast"
/usr/bin/make -f CMakeFiles/cmTC_1fe45.dir/build.make CMakeFiles/cmTC_1fe45.dir/build
make[1]: Entering directory '/home/ycz/ICRA_HERO_ws/build/CMakeFiles/CMakeTmp'
Building CXX object CMakeFiles/cmTC_1fe45.dir/CheckSymbolExists.cxx.o
/usr/bin/c++    -I/usr/include/qt4   -o CMakeFiles/cmTC_1fe45.dir/CheckSymbolExists.cxx.o -c /home/ycz/ICRA_HERO_ws/build/CMakeFiles/CMakeTmp/CheckSymbolExists.cxx
/home/ycz/ICRA_HERO_ws/build/CMakeFiles/CMakeTmp/CheckSymbolExists.cxx: In function ‘int main(int, char**)’:
/home/ycz/ICRA_HERO_ws/build/CMakeFiles/CMakeTmp/CheckSymbolExists.cxx:8:19: error: ‘Q_WS_WIN’ was not declared in this scope
   return ((int*)(&Q_WS_WIN))[argc];
                   ^
CMakeFiles/cmTC_1fe45.dir/build.make:65: recipe for target 'CMakeFiles/cmTC_1fe45.dir/CheckSymbolExists.cxx.o' failed
make[1]: *** [CMakeFiles/cmTC_1fe45.dir/CheckSymbolExists.cxx.o] Error 1
make[1]: Leaving directory '/home/ycz/ICRA_HERO_ws/build/CMakeFiles/CMakeTmp'
Makefile:126: recipe for target 'cmTC_1fe45/fast' failed
make: *** [cmTC_1fe45/fast] Error 2

File /home/ycz/ICRA_HERO_ws/build/CMakeFiles/CMakeTmp/CheckSymbolExists.cxx:
/* */
#include <QtCore/qglobal.h>

int main(int argc, char** argv)
{
  (void)argv;
#ifndef Q_WS_WIN
  return ((int*)(&Q_WS_WIN))[argc];
#else
  (void)argc;
  return 0;
#endif
}

Determining if the Q_WS_QWS exist failed with the following output:
Change Dir: /home/ycz/ICRA_HERO_ws/build/CMakeFiles/CMakeTmp

Run Build Command:"/usr/bin/make" "cmTC_070e2/fast"
/usr/bin/make -f CMakeFiles/cmTC_070e2.dir/build.make CMakeFiles/cmTC_070e2.dir/build
make[1]: Entering directory '/home/ycz/ICRA_HERO_ws/build/CMakeFiles/CMakeTmp'
Building CXX object CMakeFiles/cmTC_070e2.dir/CheckSymbolExists.cxx.o
/usr/bin/c++    -I/usr/include/qt4   -o CMakeFiles/cmTC_070e2.dir/CheckSymbolExists.cxx.o -c /home/ycz/ICRA_HERO_ws/build/CMakeFiles/CMakeTmp/CheckSymbolExists.cxx
/home/ycz/ICRA_HERO_ws/build/CMakeFiles/CMakeTmp/CheckSymbolExists.cxx: In function ‘int main(int, char**)’:
/home/ycz/ICRA_HERO_ws/build/CMakeFiles/CMakeTmp/CheckSymbolExists.cxx:8:19: error: ‘Q_WS_QWS’ was not declared in this scope
   return ((int*)(&Q_WS_QWS))[argc];
                   ^
CMakeFiles/cmTC_070e2.dir/build.make:65: recipe for target 'CMakeFiles/cmTC_070e2.dir/CheckSymbolExists.cxx.o' failed
make[1]: *** [CMakeFiles/cmTC_070e2.dir/CheckSymbolExists.cxx.o] Error 1
make[1]: Leaving directory '/home/ycz/ICRA_HERO_ws/build/CMakeFiles/CMakeTmp'
Makefile:126: recipe for target 'cmTC_070e2/fast' failed
make: *** [cmTC_070e2/fast] Error 2

File /home/ycz/ICRA_HERO_ws/build/CMakeFiles/CMakeTmp/CheckSymbolExists.cxx:
/* */
#include <QtCore/qglobal.h>

int main(int argc, char** argv)
{
  (void)argv;
#ifndef Q_WS_QWS
  return ((int*)(&Q_WS_QWS))[argc];
#else
  (void)argc;
  return 0;
#endif
}

Determining if the Q_WS_MAC exist failed with the following output:
Change Dir: /home/ycz/ICRA_HERO_ws/build/CMakeFiles/CMakeTmp

Run Build Command:"/usr/bin/make" "cmTC_b53c5/fast"
/usr/bin/make -f CMakeFiles/cmTC_b53c5.dir/build.make CMakeFiles/cmTC_b53c5.dir/build
make[1]: Entering directory '/home/ycz/ICRA_HERO_ws/build/CMakeFiles/CMakeTmp'
Building CXX object CMakeFiles/cmTC_b53c5.dir/CheckSymbolExists.cxx.o
/usr/bin/c++    -I/usr/include/qt4   -o CMakeFiles/cmTC_b53c5.dir/CheckSymbolExists.cxx.o -c /home/ycz/ICRA_HERO_ws/build/CMakeFiles/CMakeTmp/CheckSymbolExists.cxx
/home/ycz/ICRA_HERO_ws/build/CMakeFiles/CMakeTmp/CheckSymbolExists.cxx: In function ‘int main(int, char**)’:
/home/ycz/ICRA_HERO_ws/build/CMakeFiles/CMakeTmp/CheckSymbolExists.cxx:8:19: error: ‘Q_WS_MAC’ was not declared in this scope
   return ((int*)(&Q_WS_MAC))[argc];
                   ^
CMakeFiles/cmTC_b53c5.dir/build.make:65: recipe for target 'CMakeFiles/cmTC_b53c5.dir/CheckSymbolExists.cxx.o' failed
make[1]: *** [CMakeFiles/cmTC_b53c5.dir/CheckSymbolExists.cxx.o] Error 1
make[1]: Leaving directory '/home/ycz/ICRA_HERO_ws/build/CMakeFiles/CMakeTmp'
Makefile:126: recipe for target 'cmTC_b53c5/fast' failed
make: *** [cmTC_b53c5/fast] Error 2

File /home/ycz/ICRA_HERO_ws/build/CMakeFiles/CMakeTmp/CheckSymbolExists.cxx:
/* */
#include <QtCore/qglobal.h>

int main(int argc, char** argv)
{
  (void)argv;
#ifndef Q_WS_MAC
  return ((int*)(&Q_WS_MAC))[argc];
#else
  (void)argc;
  return 0;
#endif
}

